<?xml version="1.0" encoding="UTF-8"?>
<!-- Generated by org.testng.reporters.JUnitXMLReporter -->
<testsuite hostname="HW2248" name="Test-firefox-Web" tests="2" failures="1" timestamp="21 Aug 2017 06:57:15 GMT" time="34.866" errors="0">
  <testcase name="@BeforeMethod beforeMethod" time="0.0" classname="com.princessCruise.web.automation.stepDefinition.polarBear.PB001_HomePage">
    <failure type="java.lang.NullPointerException">
      <![CDATA[java.lang.NullPointerException
	at com.princessCruise.web.automation.accelerators.TestEngineWeb.beforeMethod(TestEngineWeb.java:894)
	at java.util.concurrent.FutureTask.run(Unknown Source)
	at java.util.concurrent.ThreadPoolExecutor.runWorker(Unknown Source)
	at java.util.concurrent.ThreadPoolExecutor$Worker.run(Unknown Source)
	at java.lang.Thread.run(Unknown Source)
... Removed 18 stack frames]]>
    </failure>
  </testcase> <!-- @BeforeMethod beforeMethod -->
  <testcase name="HomePage" time="0.0" classname="com.princessCruise.web.automation.stepDefinition.polarBear.PB001_HomePage">
    <skipped/>
  </testcase> <!-- HomePage -->
  <testcase name="HomePage" time="0.167" classname="com.princessCruise.web.automation.stepDefinition.polarBear.PB001_HomePage">
    <failure type="java.lang.NullPointerException">
      <![CDATA[java.lang.NullPointerException
	at com.princessCruise.web.automation.listeners.ExecutionListener.onTestSkipped(ExecutionListener.java:55)
	at java.util.concurrent.FutureTask.run(Unknown Source)
	at java.util.concurrent.ThreadPoolExecutor.runWorker(Unknown Source)
	at java.util.concurrent.ThreadPoolExecutor$Worker.run(Unknown Source)
	at java.lang.Thread.run(Unknown Source)
... Removed 13 stack frames]]>
    </failure>
  </testcase> <!-- HomePage -->
</testsuite> <!-- Test-firefox-Web -->
