<?xml version="1.0" encoding="UTF-8"?>
<!-- Generated by org.testng.reporters.JUnitReportReporter -->
<testsuite skipped="0" hostname="CTLINDT-0950" name="com.princessCruise.web.automation.stepDefinition.polarBear.PB001_HomePage" tests="1" failures="0" timestamp="31 Aug 2017 13:40:28 GMT" time="103.349" errors="0">
  <testcase name="HomePage" time="103.349" classname="com.princessCruise.web.automation.stepDefinition.polarBear.PB001_HomePage"/>
</testsuite> <!-- com.princessCruise.web.automation.stepDefinition.polarBear.PB001_HomePage -->
