<?xml version="1.0" encoding="UTF-8"?>
<!-- Generated by org.testng.reporters.JUnitReportReporter -->
<testsuite skipped="0" hostname="PC4QG17H2" name="com.princessCruise.web.automation.scripts.PB001_PlanACruise" tests="1" failures="0" timestamp="15 Aug 2017 22:05:47 GMT" time="10.438" errors="0">
  <testcase name="checkFramework" time="10.438" classname="com.princessCruise.web.automation.scripts.PB001_PlanACruise"/>
</testsuite> <!-- com.princessCruise.web.automation.scripts.PB001_PlanACruise -->
