<?xml version="1.0" encoding="UTF-8"?>
<!-- Generated by org.testng.reporters.JUnitReportReporter -->
<testsuite skipped="0" hostname="CTLINDT-0950" name="com.princessCruise.web.automation.stepDefinition.polarBear.HomePageStep" tests="1" failures="0" timestamp="12 Sep 2017 09:43:41 GMT" time="101.514" errors="0">
  <testcase name="HomePage" time="101.514" classname="com.princessCruise.web.automation.stepDefinition.polarBear.HomePageStep"/>
</testsuite> <!-- com.princessCruise.web.automation.stepDefinition.polarBear.HomePageStep -->
