<?xml version="1.0" encoding="UTF-8"?>
<!-- Generated by org.testng.reporters.JUnitReportReporter -->
<testsuite skipped="0" hostname="CTLINDT-0950" name="com.princessCruise.web.automation.stepDefinition.polarBear.StateRoomStep" tests="1" failures="0" timestamp="12 Sep 2017 11:38:45 GMT" time="1192.899" errors="0">
  <testcase name="StateRoom" time="1192.899" classname="com.princessCruise.web.automation.stepDefinition.polarBear.StateRoomStep"/>
</testsuite> <!-- com.princessCruise.web.automation.stepDefinition.polarBear.StateRoomStep -->
