<?xml version="1.0" encoding="UTF-8"?>
<!-- Generated by org.testng.reporters.JUnitReportReporter -->
<testsuite skipped="0" hostname="CTLINDT-0950" name="com.princessCruise.web.automation.stepDefinition.ezAir.LandingEZStep" tests="1" failures="0" timestamp="11 Sep 2017 10:53:30 GMT" time="780.288" errors="0">
  <testcase name="landingEZAir" time="780.288" classname="com.princessCruise.web.automation.stepDefinition.ezAir.LandingEZStep"/>
</testsuite> <!-- com.princessCruise.web.automation.stepDefinition.ezAir.LandingEZStep -->
