<?xml version="1.0" encoding="UTF-8"?>
<!-- Generated by org.testng.reporters.JUnitReportReporter -->
<testsuite skipped="0" hostname="CTLINDT-0950" name="com.princessCruise.web.automation.stepDefinition.polarBear.SearchResultsStep" tests="1" failures="0" timestamp="12 Sep 2017 09:43:41 GMT" time="480.802" errors="0">
  <testcase name="SearchResults" time="480.802" classname="com.princessCruise.web.automation.stepDefinition.polarBear.SearchResultsStep"/>
</testsuite> <!-- com.princessCruise.web.automation.stepDefinition.polarBear.SearchResultsStep -->
