<?xml version="1.0" encoding="UTF-8"?>
<!-- Generated by org.testng.reporters.JUnitReportReporter -->
<testsuite skipped="0" hostname="PC4QG17H2" name="com.princessCruise.web.automation.stepDefinition.RunCucucmberTest" tests="2" failures="0" timestamp="15 Aug 2017 22:05:46 GMT" time="0.255" errors="0">
  <testcase name="feature" time="0.166" classname="com.princessCruise.web.automation.stepDefinition.RunCucucmberTest"/>
  <testcase name="findACruise" time="0.089" classname="com.princessCruise.web.automation.stepDefinition.RunCucucmberTest"/>
</testsuite> <!-- com.princessCruise.web.automation.stepDefinition.RunCucucmberTest -->
