<?xml version="1.0" encoding="UTF-8"?>
<!-- Generated by org.testng.reporters.JUnitReportReporter -->
<testsuite skipped="0" hostname="CTLINDT-0950" name="com.princessCruise.web.automation.stepDefinition.polarBear.DetailsPageStep" tests="1" failures="0" timestamp="12 Sep 2017 11:08:57 GMT" time="489.803" errors="0">
  <testcase name="Detailspage" time="489.803" classname="com.princessCruise.web.automation.stepDefinition.polarBear.DetailsPageStep"/>
</testsuite> <!-- com.princessCruise.web.automation.stepDefinition.polarBear.DetailsPageStep -->
