<?xml version="1.0" encoding="UTF-8"?>
<!-- Generated by org.testng.reporters.JUnitReportReporter -->
<testsuite hostname="PC4QG17H2" name="com.princessCruise.web.automation.stepDefinition.myPrincess.MP001_SignUP" tests="1" failures="0" timestamp="17 Aug 2017 01:00:55 GMT" time="19.488" errors="0">
  <testcase name="signUP" time="19.488" classname="com.princessCruise.web.automation.stepDefinition.myPrincess.MP001_SignUP"/>
</testsuite> <!-- com.princessCruise.web.automation.stepDefinition.myPrincess.MP001_SignUP -->
